Build output check failed:
    Regex: 'command[- ]line option .* is valid for .* but not for C'
    Output line: 'cc1: warning: command-line option ‘-Wnon-virtual-dtor’ is valid for C++/ObjC++ but not for C'
Compilation failed:
    source file: '/home/ethan/opencv_build/build/CMakeFiles/CMakeTmp/src.c'
    check option: ' -fsigned-char -W -Wall -Wreturn-type  -Wnon-virtual-dtor'
===== BUILD LOG =====
Change Dir: /home/ethan/opencv_build/build/CMakeFiles/CMakeTmp

Run Build Command(s):/usr/bin/gmake -f Makefile cmTC_21899/fast && /usr/bin/gmake  -f CMakeFiles/cmTC_21899.dir/build.make CMakeFiles/cmTC_21899.dir/build
gmake[1]: Entering directory '/home/ethan/opencv_build/build/CMakeFiles/CMakeTmp'
Building C object CMakeFiles/cmTC_21899.dir/src.c.o
/usr/bin/cc   -O3 -DNDEBUG -fPIE    -fsigned-char -W -Wall -Wreturn-type  -Wnon-virtual-dtor -o CMakeFiles/cmTC_21899.dir/src.c.o -c /home/ethan/opencv_build/build/CMakeFiles/CMakeTmp/src.c
cc1: warning: command-line option ‘-Wnon-virtual-dtor’ is valid for C++/ObjC++ but not for C
/home/ethan/opencv_build/build/CMakeFiles/CMakeTmp/src.c:1: warning: ignoring ‘#pragma  ’ [-Wunknown-pragmas]
    1 | #pragma
      | 
Linking C executable cmTC_21899
/usr/bin/cmake -E cmake_link_script CMakeFiles/cmTC_21899.dir/link.txt --verbose=1
/usr/bin/cc -O3 -DNDEBUG CMakeFiles/cmTC_21899.dir/src.c.o -o cmTC_21899 
gmake[1]: Leaving directory '/home/ethan/opencv_build/build/CMakeFiles/CMakeTmp'


===== END =====

Build output check failed:
    Regex: 'command[- ]line option .* is valid for .* but not for C\+\+'
    Output line: 'cc1plus: warning: command-line option ‘-Wmissing-prototypes’ is valid for C/ObjC but not for C++'
Compilation failed:
    source file: '/home/ethan/opencv_build/build/CMakeFiles/CMakeTmp/src.cxx'
    check option: ' -fsigned-char -W -Wall -Wreturn-type -Wnon-virtual-dtor -Waddress -Wsequence-point -Wformat -Wformat-security -Wmissing-declarations  -Wmissing-prototypes'
===== BUILD LOG =====
Change Dir: /home/ethan/opencv_build/build/CMakeFiles/CMakeTmp

Run Build Command(s):/usr/bin/gmake -f Makefile cmTC_a0ce6/fast && /usr/bin/gmake  -f CMakeFiles/cmTC_a0ce6.dir/build.make CMakeFiles/cmTC_a0ce6.dir/build
gmake[1]: Entering directory '/home/ethan/opencv_build/build/CMakeFiles/CMakeTmp'
Building CXX object CMakeFiles/cmTC_a0ce6.dir/src.cxx.o
/usr/bin/c++   -O3 -DNDEBUG -fPIE    -fsigned-char -W -Wall -Wreturn-type -Wnon-virtual-dtor -Waddress -Wsequence-point -Wformat -Wformat-security -Wmissing-declarations  -Wmissing-prototypes -std=c++11 -o CMakeFiles/cmTC_a0ce6.dir/src.cxx.o -c /home/ethan/opencv_build/build/CMakeFiles/CMakeTmp/src.cxx
cc1plus: warning: command-line option ‘-Wmissing-prototypes’ is valid for C/ObjC but not for C++
/home/ethan/opencv_build/build/CMakeFiles/CMakeTmp/src.cxx:1: warning: ignoring ‘#pragma  ’ [-Wunknown-pragmas]
    1 | #pragma
      | 
Linking CXX executable cmTC_a0ce6
/usr/bin/cmake -E cmake_link_script CMakeFiles/cmTC_a0ce6.dir/link.txt --verbose=1
/usr/bin/c++ -O3 -DNDEBUG CMakeFiles/cmTC_a0ce6.dir/src.cxx.o -o cmTC_a0ce6 
gmake[1]: Leaving directory '/home/ethan/opencv_build/build/CMakeFiles/CMakeTmp'


===== END =====

Build output check failed:
    Regex: 'command[- ]line option .* is valid for .* but not for C\+\+'
    Output line: 'cc1plus: warning: command-line option ‘-Wstrict-prototypes’ is valid for C/ObjC but not for C++'
Compilation failed:
    source file: '/home/ethan/opencv_build/build/CMakeFiles/CMakeTmp/src.cxx'
    check option: ' -fsigned-char -W -Wall -Wreturn-type -Wnon-virtual-dtor -Waddress -Wsequence-point -Wformat -Wformat-security -Wmissing-declarations  -Wstrict-prototypes'
===== BUILD LOG =====
Change Dir: /home/ethan/opencv_build/build/CMakeFiles/CMakeTmp

Run Build Command(s):/usr/bin/gmake -f Makefile cmTC_1ff50/fast && /usr/bin/gmake  -f CMakeFiles/cmTC_1ff50.dir/build.make CMakeFiles/cmTC_1ff50.dir/build
gmake[1]: Entering directory '/home/ethan/opencv_build/build/CMakeFiles/CMakeTmp'
Building CXX object CMakeFiles/cmTC_1ff50.dir/src.cxx.o
/usr/bin/c++   -O3 -DNDEBUG -fPIE    -fsigned-char -W -Wall -Wreturn-type -Wnon-virtual-dtor -Waddress -Wsequence-point -Wformat -Wformat-security -Wmissing-declarations  -Wstrict-prototypes -std=c++11 -o CMakeFiles/cmTC_1ff50.dir/src.cxx.o -c /home/ethan/opencv_build/build/CMakeFiles/CMakeTmp/src.cxx
cc1plus: warning: command-line option ‘-Wstrict-prototypes’ is valid for C/ObjC but not for C++
/home/ethan/opencv_build/build/CMakeFiles/CMakeTmp/src.cxx:1: warning: ignoring ‘#pragma  ’ [-Wunknown-pragmas]
    1 | #pragma
      | 
Linking CXX executable cmTC_1ff50
/usr/bin/cmake -E cmake_link_script CMakeFiles/cmTC_1ff50.dir/link.txt --verbose=1
/usr/bin/c++ -O3 -DNDEBUG CMakeFiles/cmTC_1ff50.dir/src.cxx.o -o cmTC_1ff50 
gmake[1]: Leaving directory '/home/ethan/opencv_build/build/CMakeFiles/CMakeTmp'


===== END =====

Build output check failed:
    Regex: 'command[- ]line option .* is valid for .* but not for C'
    Output line: 'cc1: warning: command-line option ‘-Wsign-promo’ is valid for C++/ObjC++ but not for C'
Compilation failed:
    source file: '/home/ethan/opencv_build/build/CMakeFiles/CMakeTmp/src.c'
    check option: ' -fsigned-char -W -Wall -Wreturn-type -Waddress -Wsequence-point -Wformat -Wformat-security -Wmissing-declarations -Wmissing-prototypes -Wstrict-prototypes -Wundef -Winit-self -Wpointer-arith -Wshadow  -Wsign-promo'
===== BUILD LOG =====
Change Dir: /home/ethan/opencv_build/build/CMakeFiles/CMakeTmp

Run Build Command(s):/usr/bin/gmake -f Makefile cmTC_ffd32/fast && /usr/bin/gmake  -f CMakeFiles/cmTC_ffd32.dir/build.make CMakeFiles/cmTC_ffd32.dir/build
gmake[1]: Entering directory '/home/ethan/opencv_build/build/CMakeFiles/CMakeTmp'
Building C object CMakeFiles/cmTC_ffd32.dir/src.c.o
/usr/bin/cc   -O3 -DNDEBUG -fPIE    -fsigned-char -W -Wall -Wreturn-type -Waddress -Wsequence-point -Wformat -Wformat-security -Wmissing-declarations -Wmissing-prototypes -Wstrict-prototypes -Wundef -Winit-self -Wpointer-arith -Wshadow  -Wsign-promo -o CMakeFiles/cmTC_ffd32.dir/src.c.o -c /home/ethan/opencv_build/build/CMakeFiles/CMakeTmp/src.c
cc1: warning: command-line option ‘-Wsign-promo’ is valid for C++/ObjC++ but not for C
/home/ethan/opencv_build/build/CMakeFiles/CMakeTmp/src.c:1: warning: ignoring ‘#pragma  ’ [-Wunknown-pragmas]
    1 | #pragma
      | 
Linking C executable cmTC_ffd32
/usr/bin/cmake -E cmake_link_script CMakeFiles/cmTC_ffd32.dir/link.txt --verbose=1
/usr/bin/cc -O3 -DNDEBUG CMakeFiles/cmTC_ffd32.dir/src.c.o -o cmTC_ffd32 
gmake[1]: Leaving directory '/home/ethan/opencv_build/build/CMakeFiles/CMakeTmp'


===== END =====

Build output check failed:
    Regex: 'command[- ]line option .* is valid for .* but not for C'
    Output line: 'cc1: warning: command-line option ‘-Wsuggest-override’ is valid for C++/ObjC++ but not for C'
Compilation failed:
    source file: '/home/ethan/opencv_build/build/CMakeFiles/CMakeTmp/src.c'
    check option: ' -fsigned-char -W -Wall -Wreturn-type -Waddress -Wsequence-point -Wformat -Wformat-security -Wmissing-declarations -Wmissing-prototypes -Wstrict-prototypes -Wundef -Winit-self -Wpointer-arith -Wshadow -Wuninitialized  -Wsuggest-override'
===== BUILD LOG =====
Change Dir: /home/ethan/opencv_build/build/CMakeFiles/CMakeTmp

Run Build Command(s):/usr/bin/gmake -f Makefile cmTC_8209a/fast && /usr/bin/gmake  -f CMakeFiles/cmTC_8209a.dir/build.make CMakeFiles/cmTC_8209a.dir/build
gmake[1]: Entering directory '/home/ethan/opencv_build/build/CMakeFiles/CMakeTmp'
Building C object CMakeFiles/cmTC_8209a.dir/src.c.o
/usr/bin/cc   -O3 -DNDEBUG -fPIE    -fsigned-char -W -Wall -Wreturn-type -Waddress -Wsequence-point -Wformat -Wformat-security -Wmissing-declarations -Wmissing-prototypes -Wstrict-prototypes -Wundef -Winit-self -Wpointer-arith -Wshadow -Wuninitialized  -Wsuggest-override -o CMakeFiles/cmTC_8209a.dir/src.c.o -c /home/ethan/opencv_build/build/CMakeFiles/CMakeTmp/src.c
cc1: warning: command-line option ‘-Wsuggest-override’ is valid for C++/ObjC++ but not for C
/home/ethan/opencv_build/build/CMakeFiles/CMakeTmp/src.c:1: warning: ignoring ‘#pragma  ’ [-Wunknown-pragmas]
    1 | #pragma
      | 
Linking C executable cmTC_8209a
/usr/bin/cmake -E cmake_link_script CMakeFiles/cmTC_8209a.dir/link.txt --verbose=1
/usr/bin/cc -O3 -DNDEBUG CMakeFiles/cmTC_8209a.dir/src.c.o -o cmTC_8209a 
gmake[1]: Leaving directory '/home/ethan/opencv_build/build/CMakeFiles/CMakeTmp'


===== END =====

Build output check failed:
    Regex: 'command[- ]line option .* is valid for .* but not for C'
    Output line: 'cc1: warning: command-line option ‘-Wno-delete-non-virtual-dtor’ is valid for C++/ObjC++ but not for C'
Compilation failed:
    source file: '/home/ethan/opencv_build/build/CMakeFiles/CMakeTmp/src.c'
    check option: ' -fsigned-char -W -Wall -Wreturn-type -Waddress -Wsequence-point -Wformat -Wformat-security -Wmissing-declarations -Wmissing-prototypes -Wstrict-prototypes -Wundef -Winit-self -Wpointer-arith -Wshadow -Wuninitialized  -Wno-delete-non-virtual-dtor'
===== BUILD LOG =====
Change Dir: /home/ethan/opencv_build/build/CMakeFiles/CMakeTmp

Run Build Command(s):/usr/bin/gmake -f Makefile cmTC_51924/fast && /usr/bin/gmake  -f CMakeFiles/cmTC_51924.dir/build.make CMakeFiles/cmTC_51924.dir/build
gmake[1]: Entering directory '/home/ethan/opencv_build/build/CMakeFiles/CMakeTmp'
Building C object CMakeFiles/cmTC_51924.dir/src.c.o
/usr/bin/cc   -O3 -DNDEBUG -fPIE    -fsigned-char -W -Wall -Wreturn-type -Waddress -Wsequence-point -Wformat -Wformat-security -Wmissing-declarations -Wmissing-prototypes -Wstrict-prototypes -Wundef -Winit-self -Wpointer-arith -Wshadow -Wuninitialized  -Wno-delete-non-virtual-dtor -o CMakeFiles/cmTC_51924.dir/src.c.o -c /home/ethan/opencv_build/build/CMakeFiles/CMakeTmp/src.c
cc1: warning: command-line option ‘-Wno-delete-non-virtual-dtor’ is valid for C++/ObjC++ but not for C
/home/ethan/opencv_build/build/CMakeFiles/CMakeTmp/src.c:1: warning: ignoring ‘#pragma  ’ [-Wunknown-pragmas]
    1 | #pragma
      | 
Linking C executable cmTC_51924
/usr/bin/cmake -E cmake_link_script CMakeFiles/cmTC_51924.dir/link.txt --verbose=1
/usr/bin/cc -O3 -DNDEBUG CMakeFiles/cmTC_51924.dir/src.c.o -o cmTC_51924 
gmake[1]: Leaving directory '/home/ethan/opencv_build/build/CMakeFiles/CMakeTmp'


===== END =====

Build output check failed:
    Regex: 'unrecognized .*option'
    Output line: 'cc1plus: note: unrecognized command-line option ‘-Wno-unnamed-type-template-args’ may have been intended to silence earlier diagnostics'
Compilation failed:
    source file: '/home/ethan/opencv_build/build/CMakeFiles/CMakeTmp/src.cxx'
    check option: ' -fsigned-char -W -Wall -Wreturn-type -Wnon-virtual-dtor -Waddress -Wsequence-point -Wformat -Wformat-security -Wmissing-declarations -Wundef -Winit-self -Wpointer-arith -Wshadow -Wsign-promo -Wuninitialized -Wsuggest-override -Wno-delete-non-virtual-dtor  -Wno-unnamed-type-template-args'
===== BUILD LOG =====
Change Dir: /home/ethan/opencv_build/build/CMakeFiles/CMakeTmp

Run Build Command(s):/usr/bin/gmake -f Makefile cmTC_8a50e/fast && /usr/bin/gmake  -f CMakeFiles/cmTC_8a50e.dir/build.make CMakeFiles/cmTC_8a50e.dir/build
gmake[1]: Entering directory '/home/ethan/opencv_build/build/CMakeFiles/CMakeTmp'
Building CXX object CMakeFiles/cmTC_8a50e.dir/src.cxx.o
/usr/bin/c++   -O3 -DNDEBUG -fPIE    -fsigned-char -W -Wall -Wreturn-type -Wnon-virtual-dtor -Waddress -Wsequence-point -Wformat -Wformat-security -Wmissing-declarations -Wundef -Winit-self -Wpointer-arith -Wshadow -Wsign-promo -Wuninitialized -Wsuggest-override -Wno-delete-non-virtual-dtor  -Wno-unnamed-type-template-args -std=c++11 -o CMakeFiles/cmTC_8a50e.dir/src.cxx.o -c /home/ethan/opencv_build/build/CMakeFiles/CMakeTmp/src.cxx
/home/ethan/opencv_build/build/CMakeFiles/CMakeTmp/src.cxx:1: warning: ignoring ‘#pragma  ’ [-Wunknown-pragmas]
    1 | #pragma
      | 
cc1plus: note: unrecognized command-line option ‘-Wno-unnamed-type-template-args’ may have been intended to silence earlier diagnostics
Linking CXX executable cmTC_8a50e
/usr/bin/cmake -E cmake_link_script CMakeFiles/cmTC_8a50e.dir/link.txt --verbose=1
/usr/bin/c++ -O3 -DNDEBUG CMakeFiles/cmTC_8a50e.dir/src.cxx.o -o cmTC_8a50e 
gmake[1]: Leaving directory '/home/ethan/opencv_build/build/CMakeFiles/CMakeTmp'


===== END =====

Build output check failed:
    Regex: 'unrecognized .*option'
    Output line: 'cc1: note: unrecognized command-line option ‘-Wno-unnamed-type-template-args’ may have been intended to silence earlier diagnostics'
Compilation failed:
    source file: '/home/ethan/opencv_build/build/CMakeFiles/CMakeTmp/src.c'
    check option: ' -fsigned-char -W -Wall -Wreturn-type -Waddress -Wsequence-point -Wformat -Wformat-security -Wmissing-declarations -Wmissing-prototypes -Wstrict-prototypes -Wundef -Winit-self -Wpointer-arith -Wshadow -Wuninitialized  -Wno-unnamed-type-template-args'
===== BUILD LOG =====
Change Dir: /home/ethan/opencv_build/build/CMakeFiles/CMakeTmp

Run Build Command(s):/usr/bin/gmake -f Makefile cmTC_d6e69/fast && /usr/bin/gmake  -f CMakeFiles/cmTC_d6e69.dir/build.make CMakeFiles/cmTC_d6e69.dir/build
gmake[1]: Entering directory '/home/ethan/opencv_build/build/CMakeFiles/CMakeTmp'
Building C object CMakeFiles/cmTC_d6e69.dir/src.c.o
/usr/bin/cc   -O3 -DNDEBUG -fPIE    -fsigned-char -W -Wall -Wreturn-type -Waddress -Wsequence-point -Wformat -Wformat-security -Wmissing-declarations -Wmissing-prototypes -Wstrict-prototypes -Wundef -Winit-self -Wpointer-arith -Wshadow -Wuninitialized  -Wno-unnamed-type-template-args -o CMakeFiles/cmTC_d6e69.dir/src.c.o -c /home/ethan/opencv_build/build/CMakeFiles/CMakeTmp/src.c
/home/ethan/opencv_build/build/CMakeFiles/CMakeTmp/src.c:1: warning: ignoring ‘#pragma  ’ [-Wunknown-pragmas]
    1 | #pragma
      | 
cc1: note: unrecognized command-line option ‘-Wno-unnamed-type-template-args’ may have been intended to silence earlier diagnostics
Linking C executable cmTC_d6e69
/usr/bin/cmake -E cmake_link_script CMakeFiles/cmTC_d6e69.dir/link.txt --verbose=1
/usr/bin/cc -O3 -DNDEBUG CMakeFiles/cmTC_d6e69.dir/src.c.o -o cmTC_d6e69 
gmake[1]: Leaving directory '/home/ethan/opencv_build/build/CMakeFiles/CMakeTmp'


===== END =====

Compilation failed:
    source file: '/home/ethan/opencv_build/opencv/cmake/checks/cpu_neon_dotprod.cpp'
    check option: ''
===== BUILD LOG =====
Change Dir: /home/ethan/opencv_build/build/CMakeFiles/CMakeTmp

Run Build Command(s):/usr/bin/gmake -f Makefile cmTC_85531/fast && /usr/bin/gmake  -f CMakeFiles/cmTC_85531.dir/build.make CMakeFiles/cmTC_85531.dir/build
gmake[1]: Entering directory '/home/ethan/opencv_build/build/CMakeFiles/CMakeTmp'
Building CXX object CMakeFiles/cmTC_85531.dir/cpu_neon_dotprod.cpp.o
/usr/bin/c++   -O3 -DNDEBUG -fPIE -std=c++11 -o CMakeFiles/cmTC_85531.dir/cpu_neon_dotprod.cpp.o -c /home/ethan/opencv_build/opencv/cmake/checks/cpu_neon_dotprod.cpp
In file included from /home/ethan/opencv_build/opencv/cmake/checks/cpu_neon_dotprod.cpp:4:
/usr/lib/gcc/aarch64-linux-gnu/11/include/arm_neon.h: In function ‘int test()’:
/usr/lib/gcc/aarch64-linux-gnu/11/include/arm_neon.h:32120:1: error: inlining failed in call to ‘always_inline’ ‘uint32x4_t vdotq_u32(uint32x4_t, uint8x16_t, uint8x16_t)’: target specific option mismatch
32120 | vdotq_u32 (uint32x4_t __r, uint8x16_t __a, uint8x16_t __b)
      | ^~~~~~~~~
/home/ethan/opencv_build/opencv/cmake/checks/cpu_neon_dotprod.cpp:12:33: note: called from here
   12 |     uint32x4_t v_dst = vdotq_u32(v_src, v_m0, v_m1);
      |                        ~~~~~~~~~^~~~~~~~~~~~~~~~~~~
gmake[1]: *** [CMakeFiles/cmTC_85531.dir/build.make:78: CMakeFiles/cmTC_85531.dir/cpu_neon_dotprod.cpp.o] Error 1
gmake[1]: Leaving directory '/home/ethan/opencv_build/build/CMakeFiles/CMakeTmp'
gmake: *** [Makefile:127: cmTC_85531/fast] Error 2


===== END =====

Compilation failed:
    source file: '/home/ethan/opencv_build/opencv/cmake/checks/cpu_neon_fp16.cpp'
    check option: ''
===== BUILD LOG =====
Change Dir: /home/ethan/opencv_build/build/CMakeFiles/CMakeTmp

Run Build Command(s):/usr/bin/gmake -f Makefile cmTC_31ad0/fast && /usr/bin/gmake  -f CMakeFiles/cmTC_31ad0.dir/build.make CMakeFiles/cmTC_31ad0.dir/build
gmake[1]: Entering directory '/home/ethan/opencv_build/build/CMakeFiles/CMakeTmp'
Building CXX object CMakeFiles/cmTC_31ad0.dir/cpu_neon_fp16.cpp.o
/usr/bin/c++   -O3 -DNDEBUG -fPIE -std=c++11 -o CMakeFiles/cmTC_31ad0.dir/cpu_neon_fp16.cpp.o -c /home/ethan/opencv_build/opencv/cmake/checks/cpu_neon_fp16.cpp
In file included from /home/ethan/opencv_build/opencv/cmake/checks/cpu_neon_fp16.cpp:4:
/usr/lib/gcc/aarch64-linux-gnu/11/include/arm_neon.h: In function ‘void test()’:
/usr/lib/gcc/aarch64-linux-gnu/11/include/arm_neon.h:31852:1: error: inlining failed in call to ‘always_inline’ ‘float16x8_t vfmaq_laneq_f16(float16x8_t, float16x8_t, float16x8_t, int)’: target specific option mismatch
31852 | vfmaq_laneq_f16 (float16x8_t __a, float16x8_t __b,
      | ^~~~~~~~~~~~~~~
/home/ethan/opencv_build/opencv/cmake/checks/cpu_neon_fp16.cpp:28:24: note: called from here
   28 |     d = vfmaq_laneq_f16(d, s1, s2, 0);
      |         ~~~~~~~~~~~~~~~^~~~~~~~~~~~~~
In file included from /home/ethan/opencv_build/opencv/cmake/checks/cpu_neon_fp16.cpp:4:
/usr/lib/gcc/aarch64-linux-gnu/11/include/arm_neon.h:31773:1: error: inlining failed in call to ‘always_inline’ ‘float16x8_t vsubq_f16(float16x8_t, float16x8_t)’: target specific option mismatch
31773 | vsubq_f16 (float16x8_t __a, float16x8_t __b)
      | ^~~~~~~~~
/home/ethan/opencv_build/opencv/cmake/checks/cpu_neon_fp16.cpp:27:30: note: called from here
   27 |     float16x8_t d = vsubq_f16(s1, s1);
      |                     ~~~~~~~~~^~~~~~~~
In file included from /home/ethan/opencv_build/opencv/cmake/checks/cpu_neon_fp16.cpp:4:
/usr/lib/gcc/aarch64-linux-gnu/11/include/arm_neon.h:31852:1: error: inlining failed in call to ‘always_inline’ ‘float16x8_t vfmaq_laneq_f16(float16x8_t, float16x8_t, float16x8_t, int)’: target specific option mismatch
31852 | vfmaq_laneq_f16 (float16x8_t __a, float16x8_t __b,
      | ^~~~~~~~~~~~~~~
/home/ethan/opencv_build/opencv/cmake/checks/cpu_neon_fp16.cpp:29:24: note: called from here
   29 |     d = vfmaq_laneq_f16(d, s1, s2, 1);
      |         ~~~~~~~~~~~~~~~^~~~~~~~~~~~~~
In file included from /home/ethan/opencv_build/opencv/cmake/checks/cpu_neon_fp16.cpp:4:
/usr/lib/gcc/aarch64-linux-gnu/11/include/arm_neon.h:31852:1: error: inlining failed in call to ‘always_inline’ ‘float16x8_t vfmaq_laneq_f16(float16x8_t, float16x8_t, float16x8_t, int)’: target specific option mismatch
31852 | vfmaq_laneq_f16 (float16x8_t __a, float16x8_t __b,
      | ^~~~~~~~~~~~~~~
/home/ethan/opencv_build/opencv/cmake/checks/cpu_neon_fp16.cpp:30:24: note: called from here
   30 |     d = vfmaq_laneq_f16(d, s1, s2, 2);
      |         ~~~~~~~~~~~~~~~^~~~~~~~~~~~~~
In file included from /home/ethan/opencv_build/opencv/cmake/checks/cpu_neon_fp16.cpp:4:
/usr/lib/gcc/aarch64-linux-gnu/11/include/arm_neon.h:31852:1: error: inlining failed in call to ‘always_inline’ ‘float16x8_t vfmaq_laneq_f16(float16x8_t, float16x8_t, float16x8_t, int)’: target specific option mismatch
31852 | vfmaq_laneq_f16 (float16x8_t __a, float16x8_t __b,
      | ^~~~~~~~~~~~~~~
/home/ethan/opencv_build/opencv/cmake/checks/cpu_neon_fp16.cpp:31:24: note: called from here
   31 |     d = vfmaq_laneq_f16(d, s1, s2, 3);
      |         ~~~~~~~~~~~~~~~^~~~~~~~~~~~~~
In file included from /home/ethan/opencv_build/opencv/cmake/checks/cpu_neon_fp16.cpp:4:
/usr/lib/gcc/aarch64-linux-gnu/11/include/arm_neon.h:31852:1: error: inlining failed in call to ‘always_inline’ ‘float16x8_t vfmaq_laneq_f16(float16x8_t, float16x8_t, float16x8_t, int)’: target specific option mismatch
31852 | vfmaq_laneq_f16 (float16x8_t __a, float16x8_t __b,
      | ^~~~~~~~~~~~~~~
/home/ethan/opencv_build/opencv/cmake/checks/cpu_neon_fp16.cpp:32:24: note: called from here
   32 |     d = vfmaq_laneq_f16(d, s1, s2, 4);
      |         ~~~~~~~~~~~~~~~^~~~~~~~~~~~~~
In file included from /home/ethan/opencv_build/opencv/cmake/checks/cpu_neon_fp16.cpp:4:
/usr/lib/gcc/aarch64-linux-gnu/11/include/arm_neon.h:31852:1: error: inlining failed in call to ‘always_inline’ ‘float16x8_t vfmaq_laneq_f16(float16x8_t, float16x8_t, float16x8_t, int)’: target specific option mismatch
31852 | vfmaq_laneq_f16 (float16x8_t __a, float16x8_t __b,
      | ^~~~~~~~~~~~~~~
/home/ethan/opencv_build/opencv/cmake/checks/cpu_neon_fp16.cpp:33:24: note: called from here
   33 |     d = vfmaq_laneq_f16(d, s1, s2, 5);
      |         ~~~~~~~~~~~~~~~^~~~~~~~~~~~~~
In file included from /home/ethan/opencv_build/opencv/cmake/checks/cpu_neon_fp16.cpp:4:
/usr/lib/gcc/aarch64-linux-gnu/11/include/arm_neon.h:31852:1: error: inlining failed in call to ‘always_inline’ ‘float16x8_t vfmaq_laneq_f16(float16x8_t, float16x8_t, float16x8_t, int)’: target specific option mismatch
31852 | vfmaq_laneq_f16 (float16x8_t __a, float16x8_t __b,
      | ^~~~~~~~~~~~~~~
/home/ethan/opencv_build/opencv/cmake/checks/cpu_neon_fp16.cpp:34:24: note: called from here
   34 |     d = vfmaq_laneq_f16(d, s1, s2, 6);
      |         ~~~~~~~~~~~~~~~^~~~~~~~~~~~~~
In file included from /home/ethan/opencv_build/opencv/cmake/checks/cpu_neon_fp16.cpp:4:
/usr/lib/gcc/aarch64-linux-gnu/11/include/arm_neon.h:31852:1: error: inlining failed in call to ‘always_inline’ ‘float16x8_t vfmaq_laneq_f16(float16x8_t, float16x8_t, float16x8_t, int)’: target specific option mismatch
31852 | vfmaq_laneq_f16 (float16x8_t __a, float16x8_t __b,
      | ^~~~~~~~~~~~~~~
/home/ethan/opencv_build/opencv/cmake/checks/cpu_neon_fp16.cpp:35:24: note: called from here
   35 |     d = vfmaq_laneq_f16(d, s1, s2, 7);
      |         ~~~~~~~~~~~~~~~^~~~~~~~~~~~~~
In file included from /home/ethan/opencv_build/opencv/cmake/checks/cpu_neon_fp16.cpp:4:
/usr/lib/gcc/aarch64-linux-gnu/11/include/arm_neon.h:31852:1: error: inlining failed in call to ‘always_inline’ ‘float16x8_t vfmaq_laneq_f16(float16x8_t, float16x8_t, float16x8_t, int)’: target specific option mismatch
31852 | vfmaq_laneq_f16 (float16x8_t __a, float16x8_t __b,
      | ^~~~~~~~~~~~~~~
/home/ethan/opencv_build/opencv/cmake/checks/cpu_neon_fp16.cpp:28:24: note: called from here
   28 |     d = vfmaq_laneq_f16(d, s1, s2, 0);
      |         ~~~~~~~~~~~~~~~^~~~~~~~~~~~~~
In file included from /home/ethan/opencv_build/opencv/cmake/checks/cpu_neon_fp16.cpp:4:
/usr/lib/gcc/aarch64-linux-gnu/11/include/arm_neon.h:31773:1: error: inlining failed in call to ‘always_inline’ ‘float16x8_t vsubq_f16(float16x8_t, float16x8_t)’: target specific option mismatch
31773 | vsubq_f16 (float16x8_t __a, float16x8_t __b)
      | ^~~~~~~~~
/home/ethan/opencv_build/opencv/cmake/checks/cpu_neon_fp16.cpp:27:30: note: called from here
   27 |     float16x8_t d = vsubq_f16(s1, s1);
      |                     ~~~~~~~~~^~~~~~~~
In file included from /home/ethan/opencv_build/opencv/cmake/checks/cpu_neon_fp16.cpp:4:
/usr/lib/gcc/aarch64-linux-gnu/11/include/arm_neon.h:31852:1: error: inlining failed in call to ‘always_inline’ ‘float16x8_t vfmaq_laneq_f16(float16x8_t, float16x8_t, float16x8_t, int)’: target specific option mismatch
31852 | vfmaq_laneq_f16 (float16x8_t __a, float16x8_t __b,
      | ^~~~~~~~~~~~~~~
/home/ethan/opencv_build/opencv/cmake/checks/cpu_neon_fp16.cpp:28:24: note: called from here
   28 |     d = vfmaq_laneq_f16(d, s1, s2, 0);
      |         ~~~~~~~~~~~~~~~^~~~~~~~~~~~~~
In file included from /home/ethan/opencv_build/opencv/cmake/checks/cpu_neon_fp16.cpp:4:
/usr/lib/gcc/aarch64-linux-gnu/11/include/arm_neon.h:31773:1: error: inlining failed in call to ‘always_inline’ ‘float16x8_t vsubq_f16(float16x8_t, float16x8_t)’: target specific option mismatch
31773 | vsubq_f16 (float16x8_t __a, float16x8_t __b)
      | ^~~~~~~~~
/home/ethan/opencv_build/opencv/cmake/checks/cpu_neon_fp16.cpp:27:30: note: called from here
   27 |     float16x8_t d = vsubq_f16(s1, s1);
      |                     ~~~~~~~~~^~~~~~~~
In file included from /home/ethan/opencv_build/opencv/cmake/checks/cpu_neon_fp16.cpp:4:
/usr/lib/gcc/aarch64-linux-gnu/11/include/arm_neon.h:31852:1: error: inlining failed in call to ‘always_inline’ ‘float16x8_t vfmaq_laneq_f16(float16x8_t, float16x8_t, float16x8_t, int)’: target specific option mismatch
31852 | vfmaq_laneq_f16 (float16x8_t __a, float16x8_t __b,
      | ^~~~~~~~~~~~~~~
/home/ethan/opencv_build/opencv/cmake/checks/cpu_neon_fp16.cpp:29:24: note: called from here
   29 |     d = vfmaq_laneq_f16(d, s1, s2, 1);
      |         ~~~~~~~~~~~~~~~^~~~~~~~~~~~~~
In file included from /home/ethan/opencv_build/opencv/cmake/checks/cpu_neon_fp16.cpp:4:
/usr/lib/gcc/aarch64-linux-gnu/11/include/arm_neon.h:31852:1: error: inlining failed in call to ‘always_inline’ ‘float16x8_t vfmaq_laneq_f16(float16x8_t, float16x8_t, float16x8_t, int)’: target specific option mismatch
31852 | vfmaq_laneq_f16 (float16x8_t __a, float16x8_t __b,
      | ^~~~~~~~~~~~~~~
/home/ethan/opencv_build/opencv/cmake/checks/cpu_neon_fp16.cpp:30:24: note: called from here
   30 |     d = vfmaq_laneq_f16(d, s1, s2, 2);
      |         ~~~~~~~~~~~~~~~^~~~~~~~~~~~~~
In file included from /home/ethan/opencv_build/opencv/cmake/checks/cpu_neon_fp16.cpp:4:
/usr/lib/gcc/aarch64-linux-gnu/11/include/arm_neon.h:31852:1: error: inlining failed in call to ‘always_inline’ ‘float16x8_t vfmaq_laneq_f16(float16x8_t, float16x8_t, float16x8_t, int)’: target specific option mismatch
31852 | vfmaq_laneq_f16 (float16x8_t __a, float16x8_t __b,
      | ^~~~~~~~~~~~~~~
/home/ethan/opencv_build/opencv/cmake/checks/cpu_neon_fp16.cpp:31:24: note: called from here
   31 |     d = vfmaq_laneq_f16(d, s1, s2, 3);
      |         ~~~~~~~~~~~~~~~^~~~~~~~~~~~~~
In file included from /home/ethan/opencv_build/opencv/cmake/checks/cpu_neon_fp16.cpp:4:
/usr/lib/gcc/aarch64-linux-gnu/11/include/arm_neon.h:31852:1: error: inlining failed in call to ‘always_inline’ ‘float16x8_t vfmaq_laneq_f16(float16x8_t, float16x8_t, float16x8_t, int)’: target specific option mismatch
31852 | vfmaq_laneq_f16 (float16x8_t __a, float16x8_t __b,
      | ^~~~~~~~~~~~~~~
/home/ethan/opencv_build/opencv/cmake/checks/cpu_neon_fp16.cpp:32:24: note: called from here
   32 |     d = vfmaq_laneq_f16(d, s1, s2, 4);
      |         ~~~~~~~~~~~~~~~^~~~~~~~~~~~~~
In file included from /home/ethan/opencv_build/opencv/cmake/checks/cpu_neon_fp16.cpp:4:
/usr/lib/gcc/aarch64-linux-gnu/11/include/arm_neon.h:31852:1: error: inlining failed in call to ‘always_inline’ ‘float16x8_t vfmaq_laneq_f16(float16x8_t, float16x8_t, float16x8_t, int)’: target specific option mismatch
31852 | vfmaq_laneq_f16 (float16x8_t __a, float16x8_t __b,
      | ^~~~~~~~~~~~~~~
/home/ethan/opencv_build/opencv/cmake/checks/cpu_neon_fp16.cpp:33:24: note: called from here
   33 |     d = vfmaq_laneq_f16(d, s1, s2, 5);
      |         ~~~~~~~~~~~~~~~^~~~~~~~~~~~~~
In file included from /home/ethan/opencv_build/opencv/cmake/checks/cpu_neon_fp16.cpp:4:
/usr/lib/gcc/aarch64-linux-gnu/11/include/arm_neon.h:31852:1: error: inlining failed in call to ‘always_inline’ ‘float16x8_t vfmaq_laneq_f16(float16x8_t, float16x8_t, float16x8_t, int)’: target specific option mismatch
31852 | vfmaq_laneq_f16 (float16x8_t __a, float16x8_t __b,
      | ^~~~~~~~~~~~~~~
/home/ethan/opencv_build/opencv/cmake/checks/cpu_neon_fp16.cpp:34:24: note: called from here
   34 |     d = vfmaq_laneq_f16(d, s1, s2, 6);
      |         ~~~~~~~~~~~~~~~^~~~~~~~~~~~~~
In file included from /home/ethan/opencv_build/opencv/cmake/checks/cpu_neon_fp16.cpp:4:
/usr/lib/gcc/aarch64-linux-gnu/11/include/arm_neon.h:31852:1: error: inlining failed in call to ‘always_inline’ ‘float16x8_t vfmaq_laneq_f16(float16x8_t, float16x8_t, float16x8_t, int)’: target specific option mismatch
31852 | vfmaq_laneq_f16 (float16x8_t __a, float16x8_t __b,
      | ^~~~~~~~~~~~~~~
/home/ethan/opencv_build/opencv/cmake/checks/cpu_neon_fp16.cpp:35:24: note: called from here
   35 |     d = vfmaq_laneq_f16(d, s1, s2, 7);
      |         ~~~~~~~~~~~~~~~^~~~~~~~~~~~~~
gmake[1]: *** [CMakeFiles/cmTC_31ad0.dir/build.make:78: CMakeFiles/cmTC_31ad0.dir/cpu_neon_fp16.cpp.o] Error 1
gmake[1]: Leaving directory '/home/ethan/opencv_build/build/CMakeFiles/CMakeTmp'
gmake: *** [Makefile:127: cmTC_31ad0/fast] Error 2


===== END =====

Compilation failed:
    source file: '/home/ethan/opencv_build/opencv/cmake/checks/cpu_neon_bf16.cpp'
    check option: ''
===== BUILD LOG =====
Change Dir: /home/ethan/opencv_build/build/CMakeFiles/CMakeTmp

Run Build Command(s):/usr/bin/gmake -f Makefile cmTC_570ff/fast && /usr/bin/gmake  -f CMakeFiles/cmTC_570ff.dir/build.make CMakeFiles/cmTC_570ff.dir/build
gmake[1]: Entering directory '/home/ethan/opencv_build/build/CMakeFiles/CMakeTmp'
Building CXX object CMakeFiles/cmTC_570ff.dir/cpu_neon_bf16.cpp.o
/usr/bin/c++   -O3 -DNDEBUG -fPIE -std=c++11 -o CMakeFiles/cmTC_570ff.dir/cpu_neon_bf16.cpp.o -c /home/ethan/opencv_build/opencv/cmake/checks/cpu_neon_bf16.cpp
In file included from /home/ethan/opencv_build/opencv/cmake/checks/cpu_neon_bf16.cpp:3:
/usr/lib/gcc/aarch64-linux-gnu/11/include/arm_neon.h: In function ‘bfloat16x8_t vld1q_as_bf16(const float*)’:
/usr/lib/gcc/aarch64-linux-gnu/11/include/arm_neon.h:33251:1: error: inlining failed in call to ‘always_inline’ ‘bfloat16x8_t vcombine_bf16(bfloat16x4_t, bfloat16x4_t)’: target specific option mismatch
33251 | vcombine_bf16 (bfloat16x4_t __a, bfloat16x4_t __b)
      | ^~~~~~~~~~~~~
/home/ethan/opencv_build/opencv/cmake/checks/cpu_neon_bf16.cpp:14:25: note: called from here
   14 |     return vcombine_bf16(vcvt_bf16_f32(s0), vcvt_bf16_f32(s1));
      |            ~~~~~~~~~~~~~^~~~~~~~~~~~~~~~~~~~~~~~~~~~~~~~~~~~~~
In file included from /home/ethan/opencv_build/opencv/cmake/checks/cpu_neon_bf16.cpp:3:
/usr/lib/gcc/aarch64-linux-gnu/11/include/arm_neon.h:34301:1: error: inlining failed in call to ‘always_inline’ ‘bfloat16x4_t vcvt_bf16_f32(float32x4_t)’: target specific option mismatch
34301 | vcvt_bf16_f32 (float32x4_t __a)
      | ^~~~~~~~~~~~~
/home/ethan/opencv_build/opencv/cmake/checks/cpu_neon_bf16.cpp:14:25: note: called from here
   14 |     return vcombine_bf16(vcvt_bf16_f32(s0), vcvt_bf16_f32(s1));
      |            ~~~~~~~~~~~~~^~~~~~~~~~~~~~~~~~~~~~~~~~~~~~~~~~~~~~
In file included from /home/ethan/opencv_build/opencv/cmake/checks/cpu_neon_bf16.cpp:3:
/usr/lib/gcc/aarch64-linux-gnu/11/include/arm_neon.h:34301:1: error: inlining failed in call to ‘always_inline’ ‘bfloat16x4_t vcvt_bf16_f32(float32x4_t)’: target specific option mismatch
34301 | vcvt_bf16_f32 (float32x4_t __a)
      | ^~~~~~~~~~~~~
/home/ethan/opencv_build/opencv/cmake/checks/cpu_neon_bf16.cpp:14:25: note: called from here
   14 |     return vcombine_bf16(vcvt_bf16_f32(s0), vcvt_bf16_f32(s1));
      |            ~~~~~~~~~~~~~^~~~~~~~~~~~~~~~~~~~~~~~~~~~~~~~~~~~~~
In file included from /home/ethan/opencv_build/opencv/cmake/checks/cpu_neon_bf16.cpp:3:
/usr/lib/gcc/aarch64-linux-gnu/11/include/arm_neon.h:33251:1: error: inlining failed in call to ‘always_inline’ ‘bfloat16x8_t vcombine_bf16(bfloat16x4_t, bfloat16x4_t)’: target specific option mismatch
33251 | vcombine_bf16 (bfloat16x4_t __a, bfloat16x4_t __b)
      | ^~~~~~~~~~~~~
/home/ethan/opencv_build/opencv/cmake/checks/cpu_neon_bf16.cpp:14:25: note: called from here
   14 |     return vcombine_bf16(vcvt_bf16_f32(s0), vcvt_bf16_f32(s1));
      |            ~~~~~~~~~~~~~^~~~~~~~~~~~~~~~~~~~~~~~~~~~~~~~~~~~~~
In file included from /home/ethan/opencv_build/opencv/cmake/checks/cpu_neon_bf16.cpp:3:
/usr/lib/gcc/aarch64-linux-gnu/11/include/arm_neon.h:34301:1: error: inlining failed in call to ‘always_inline’ ‘bfloat16x4_t vcvt_bf16_f32(float32x4_t)’: target specific option mismatch
34301 | vcvt_bf16_f32 (float32x4_t __a)
      | ^~~~~~~~~~~~~
/home/ethan/opencv_build/opencv/cmake/checks/cpu_neon_bf16.cpp:14:25: note: called from here
   14 |     return vcombine_bf16(vcvt_bf16_f32(s0), vcvt_bf16_f32(s1));
      |            ~~~~~~~~~~~~~^~~~~~~~~~~~~~~~~~~~~~~~~~~~~~~~~~~~~~
In file included from /home/ethan/opencv_build/opencv/cmake/checks/cpu_neon_bf16.cpp:3:
/usr/lib/gcc/aarch64-linux-gnu/11/include/arm_neon.h:34301:1: error: inlining failed in call to ‘always_inline’ ‘bfloat16x4_t vcvt_bf16_f32(float32x4_t)’: target specific option mismatch
34301 | vcvt_bf16_f32 (float32x4_t __a)
      | ^~~~~~~~~~~~~
/home/ethan/opencv_build/opencv/cmake/checks/cpu_neon_bf16.cpp:14:25: note: called from here
   14 |     return vcombine_bf16(vcvt_bf16_f32(s0), vcvt_bf16_f32(s1));
      |            ~~~~~~~~~~~~~^~~~~~~~~~~~~~~~~~~~~~~~~~~~~~~~~~~~~~
gmake[1]: *** [CMakeFiles/cmTC_570ff.dir/build.make:78: CMakeFiles/cmTC_570ff.dir/cpu_neon_bf16.cpp.o] Error 1
gmake[1]: Leaving directory '/home/ethan/opencv_build/build/CMakeFiles/CMakeTmp'
gmake: *** [Makefile:127: cmTC_570ff/fast] Error 2


===== END =====

Build output check failed:
    Regex: 'command[- ]line option .* is valid for .* but not for C'
    Output line: 'cc1: warning: command-line option ‘-fvisibility-inlines-hidden’ is valid for C++/ObjC++ but not for C'
Compilation failed:
    source file: '/home/ethan/opencv_build/build/CMakeFiles/CMakeTmp/src.c'
    check option: ' -fsigned-char -W -Wall -Wreturn-type -Waddress -Wsequence-point -Wformat -Wformat-security -Wmissing-declarations -Wmissing-prototypes -Wstrict-prototypes -Wundef -Winit-self -Wpointer-arith -Wshadow -Wuninitialized -Wno-comment -Wimplicit-fallthrough=3 -Wno-strict-overflow -fdiagnostics-show-option -pthread -fomit-frame-pointer -ffunction-sections -fdata-sections  -fvisibility=hidden  -fvisibility-inlines-hidden'
===== BUILD LOG =====
Change Dir: /home/ethan/opencv_build/build/CMakeFiles/CMakeTmp

Run Build Command(s):/usr/bin/gmake -f Makefile cmTC_baccc/fast && /usr/bin/gmake  -f CMakeFiles/cmTC_baccc.dir/build.make CMakeFiles/cmTC_baccc.dir/build
gmake[1]: Entering directory '/home/ethan/opencv_build/build/CMakeFiles/CMakeTmp'
Building C object CMakeFiles/cmTC_baccc.dir/src.c.o
/usr/bin/cc   -O3 -DNDEBUG -fPIE    -fsigned-char -W -Wall -Wreturn-type -Waddress -Wsequence-point -Wformat -Wformat-security -Wmissing-declarations -Wmissing-prototypes -Wstrict-prototypes -Wundef -Winit-self -Wpointer-arith -Wshadow -Wuninitialized -Wno-comment -Wimplicit-fallthrough=3 -Wno-strict-overflow -fdiagnostics-show-option -pthread -fomit-frame-pointer -ffunction-sections -fdata-sections  -fvisibility=hidden  -fvisibility-inlines-hidden -o CMakeFiles/cmTC_baccc.dir/src.c.o -c /home/ethan/opencv_build/build/CMakeFiles/CMakeTmp/src.c
cc1: warning: command-line option ‘-fvisibility-inlines-hidden’ is valid for C++/ObjC++ but not for C
/home/ethan/opencv_build/build/CMakeFiles/CMakeTmp/src.c:1: warning: ignoring ‘#pragma  ’ [-Wunknown-pragmas]
    1 | #pragma
      | 
Linking C executable cmTC_baccc
/usr/bin/cmake -E cmake_link_script CMakeFiles/cmTC_baccc.dir/link.txt --verbose=1
/usr/bin/cc -O3 -DNDEBUG CMakeFiles/cmTC_baccc.dir/src.c.o -o cmTC_baccc 
gmake[1]: Leaving directory '/home/ethan/opencv_build/build/CMakeFiles/CMakeTmp'


===== END =====

Build output check failed:
    Regex: 'unrecognized .*option'
    Output line: 'cc1plus: note: unrecognized command-line option ‘-Wno-inconsistent-missing-override’ may have been intended to silence earlier diagnostics'
Compilation failed:
    source file: '/home/ethan/opencv_build/build/CMakeFiles/CMakeTmp/src.cxx'
    check option: ' -Wno-inconsistent-missing-override'
===== BUILD LOG =====
Change Dir: /home/ethan/opencv_build/build/CMakeFiles/CMakeTmp

Run Build Command(s):/usr/bin/gmake -f Makefile cmTC_41a6d/fast && /usr/bin/gmake  -f CMakeFiles/cmTC_41a6d.dir/build.make CMakeFiles/cmTC_41a6d.dir/build
gmake[1]: Entering directory '/home/ethan/opencv_build/build/CMakeFiles/CMakeTmp'
Building CXX object CMakeFiles/cmTC_41a6d.dir/src.cxx.o
/usr/bin/c++   -fsigned-char -W -Wall -Wreturn-type -Wnon-virtual-dtor -Waddress -Wsequence-point -Wformat -Wformat-security -Winit-self -Wpointer-arith -Wsign-promo -Wno-delete-non-virtual-dtor -Wno-comment -Wimplicit-fallthrough=3 -Wno-strict-overflow -fdiagnostics-show-option -pthread -fomit-frame-pointer -ffunction-sections -fdata-sections  -fvisibility=hidden -fvisibility-inlines-hidden -Wno-shadow -Wno-unused -Wno-sign-compare -Wno-undef -Wno-missing-declarations -Wno-uninitialized -Wno-switch -Wno-parentheses -Wno-array-bounds -Wno-extra -Wno-deprecated-declarations -Wno-misleading-indentation -Wno-deprecated -Wno-suggest-override  -O3 -DNDEBUG  -DNDEBUG -fPIE    -Wno-inconsistent-missing-override -std=c++11 -o CMakeFiles/cmTC_41a6d.dir/src.cxx.o -c /home/ethan/opencv_build/build/CMakeFiles/CMakeTmp/src.cxx
/home/ethan/opencv_build/build/CMakeFiles/CMakeTmp/src.cxx:1: warning: ignoring ‘#pragma  ’ [-Wunknown-pragmas]
    1 | #pragma
      | 
cc1plus: note: unrecognized command-line option ‘-Wno-inconsistent-missing-override’ may have been intended to silence earlier diagnostics
Linking CXX executable cmTC_41a6d
/usr/bin/cmake -E cmake_link_script CMakeFiles/cmTC_41a6d.dir/link.txt --verbose=1
/usr/bin/c++    -fsigned-char -W -Wall -Wreturn-type -Wnon-virtual-dtor -Waddress -Wsequence-point -Wformat -Wformat-security -Winit-self -Wpointer-arith -Wsign-promo -Wno-delete-non-virtual-dtor -Wno-comment -Wimplicit-fallthrough=3 -Wno-strict-overflow -fdiagnostics-show-option -pthread -fomit-frame-pointer -ffunction-sections -fdata-sections  -fvisibility=hidden -fvisibility-inlines-hidden -Wno-shadow -Wno-unused -Wno-sign-compare -Wno-undef -Wno-missing-declarations -Wno-uninitialized -Wno-switch -Wno-parentheses -Wno-array-bounds -Wno-extra -Wno-deprecated-declarations -Wno-misleading-indentation -Wno-deprecated -Wno-suggest-override  -O3 -DNDEBUG  -DNDEBUG   -Wl,--gc-sections -Wl,--as-needed -Wl,--no-undefined  CMakeFiles/cmTC_41a6d.dir/src.cxx.o -o cmTC_41a6d 
gmake[1]: Leaving directory '/home/ethan/opencv_build/build/CMakeFiles/CMakeTmp'


===== END =====

Build output check failed:
    Regex: 'command[- ]line option .* is valid for .* but not for C\+\+'
    Output line: 'cc1plus: warning: command-line option ‘-Wno-missing-prototypes’ is valid for C/ObjC but not for C++'
Compilation failed:
    source file: '/home/ethan/opencv_build/build/CMakeFiles/CMakeTmp/src.cxx'
    check option: ' -Wno-missing-prototypes'
===== BUILD LOG =====
Change Dir: /home/ethan/opencv_build/build/CMakeFiles/CMakeTmp

Run Build Command(s):/usr/bin/gmake -f Makefile cmTC_00bee/fast && /usr/bin/gmake  -f CMakeFiles/cmTC_00bee.dir/build.make CMakeFiles/cmTC_00bee.dir/build
gmake[1]: Entering directory '/home/ethan/opencv_build/build/CMakeFiles/CMakeTmp'
Building CXX object CMakeFiles/cmTC_00bee.dir/src.cxx.o
/usr/bin/c++   -fsigned-char -W -Wall -Wreturn-type -Wnon-virtual-dtor -Waddress -Wsequence-point -Wformat -Wformat-security -Winit-self -Wpointer-arith -Wsign-promo -Wno-delete-non-virtual-dtor -Wno-comment -Wno-strict-overflow -fdiagnostics-show-option -pthread -fomit-frame-pointer -ffunction-sections -fdata-sections  -fvisibility=hidden -fvisibility-inlines-hidden -Wno-shadow -Wno-unused -Wno-sign-compare -Wno-undef -Wno-missing-declarations -Wno-uninitialized -Wno-switch -Wno-parentheses -Wno-array-bounds -Wno-extra -Wno-deprecated-declarations -Wno-misleading-indentation -Wno-deprecated -Wno-suggest-override -Wno-implicit-fallthrough -Wno-tautological-compare  -O3 -DNDEBUG  -DNDEBUG -fPIE    -Wno-missing-prototypes -std=c++11 -o CMakeFiles/cmTC_00bee.dir/src.cxx.o -c /home/ethan/opencv_build/build/CMakeFiles/CMakeTmp/src.cxx
cc1plus: warning: command-line option ‘-Wno-missing-prototypes’ is valid for C/ObjC but not for C++
/home/ethan/opencv_build/build/CMakeFiles/CMakeTmp/src.cxx:1: warning: ignoring ‘#pragma  ’ [-Wunknown-pragmas]
    1 | #pragma
      | 
Linking CXX executable cmTC_00bee
/usr/bin/cmake -E cmake_link_script CMakeFiles/cmTC_00bee.dir/link.txt --verbose=1
/usr/bin/c++    -fsigned-char -W -Wall -Wreturn-type -Wnon-virtual-dtor -Waddress -Wsequence-point -Wformat -Wformat-security -Winit-self -Wpointer-arith -Wsign-promo -Wno-delete-non-virtual-dtor -Wno-comment -Wno-strict-overflow -fdiagnostics-show-option -pthread -fomit-frame-pointer -ffunction-sections -fdata-sections  -fvisibility=hidden -fvisibility-inlines-hidden -Wno-shadow -Wno-unused -Wno-sign-compare -Wno-undef -Wno-missing-declarations -Wno-uninitialized -Wno-switch -Wno-parentheses -Wno-array-bounds -Wno-extra -Wno-deprecated-declarations -Wno-misleading-indentation -Wno-deprecated -Wno-suggest-override -Wno-implicit-fallthrough -Wno-tautological-compare  -O3 -DNDEBUG  -DNDEBUG   -Wl,--gc-sections -Wl,--as-needed -Wl,--no-undefined  CMakeFiles/cmTC_00bee.dir/src.cxx.o -o cmTC_00bee 
gmake[1]: Leaving directory '/home/ethan/opencv_build/build/CMakeFiles/CMakeTmp'


===== END =====

Build output check failed:
    Regex: 'unrecognized .*option'
    Output line: 'cc1plus: note: unrecognized command-line option ‘-Wno-implicit-const-int-float-conversion’ may have been intended to silence earlier diagnostics'
Compilation failed:
    source file: '/home/ethan/opencv_build/build/CMakeFiles/CMakeTmp/src.cxx'
    check option: ' -Wno-implicit-const-int-float-conversion'
===== BUILD LOG =====
Change Dir: /home/ethan/opencv_build/build/CMakeFiles/CMakeTmp

Run Build Command(s):/usr/bin/gmake -f Makefile cmTC_55528/fast && /usr/bin/gmake  -f CMakeFiles/cmTC_55528.dir/build.make CMakeFiles/cmTC_55528.dir/build
gmake[1]: Entering directory '/home/ethan/opencv_build/build/CMakeFiles/CMakeTmp'
Building CXX object CMakeFiles/cmTC_55528.dir/src.cxx.o
/usr/bin/c++   -fsigned-char -W -Wall -Wreturn-type -Wnon-virtual-dtor -Waddress -Wsequence-point -Wformat -Wformat-security -Winit-self -Wpointer-arith -Wsign-promo -Wno-delete-non-virtual-dtor -Wno-comment -Wno-strict-overflow -fdiagnostics-show-option -pthread -fomit-frame-pointer -ffunction-sections -fdata-sections  -fvisibility=hidden -fvisibility-inlines-hidden -Wno-shadow -Wno-unused -Wno-sign-compare -Wno-undef -Wno-missing-declarations -Wno-uninitialized -Wno-switch -Wno-parentheses -Wno-array-bounds -Wno-extra -Wno-deprecated-declarations -Wno-misleading-indentation -Wno-deprecated -Wno-suggest-override -Wno-implicit-fallthrough -Wno-tautological-compare -Wno-reorder -Wno-unused-result  -O3 -DNDEBUG  -DNDEBUG -fPIE    -Wno-implicit-const-int-float-conversion -std=c++11 -o CMakeFiles/cmTC_55528.dir/src.cxx.o -c /home/ethan/opencv_build/build/CMakeFiles/CMakeTmp/src.cxx
/home/ethan/opencv_build/build/CMakeFiles/CMakeTmp/src.cxx:1: warning: ignoring ‘#pragma  ’ [-Wunknown-pragmas]
    1 | #pragma
      | 
cc1plus: note: unrecognized command-line option ‘-Wno-implicit-const-int-float-conversion’ may have been intended to silence earlier diagnostics
Linking CXX executable cmTC_55528
/usr/bin/cmake -E cmake_link_script CMakeFiles/cmTC_55528.dir/link.txt --verbose=1
/usr/bin/c++    -fsigned-char -W -Wall -Wreturn-type -Wnon-virtual-dtor -Waddress -Wsequence-point -Wformat -Wformat-security -Winit-self -Wpointer-arith -Wsign-promo -Wno-delete-non-virtual-dtor -Wno-comment -Wno-strict-overflow -fdiagnostics-show-option -pthread -fomit-frame-pointer -ffunction-sections -fdata-sections  -fvisibility=hidden -fvisibility-inlines-hidden -Wno-shadow -Wno-unused -Wno-sign-compare -Wno-undef -Wno-missing-declarations -Wno-uninitialized -Wno-switch -Wno-parentheses -Wno-array-bounds -Wno-extra -Wno-deprecated-declarations -Wno-misleading-indentation -Wno-deprecated -Wno-suggest-override -Wno-implicit-fallthrough -Wno-tautological-compare -Wno-reorder -Wno-unused-result  -O3 -DNDEBUG  -DNDEBUG   -Wl,--gc-sections -Wl,--as-needed -Wl,--no-undefined  CMakeFiles/cmTC_55528.dir/src.cxx.o -o cmTC_55528 
gmake[1]: Leaving directory '/home/ethan/opencv_build/build/CMakeFiles/CMakeTmp'


===== END =====

Determining if the function sgemm_ exists failed with the following output:
Change Dir: /home/ethan/opencv_build/build/CMakeFiles/CMakeTmp

Run Build Command(s):/usr/bin/gmake -f Makefile cmTC_b1a86/fast && /usr/bin/gmake  -f CMakeFiles/cmTC_b1a86.dir/build.make CMakeFiles/cmTC_b1a86.dir/build
gmake[1]: Entering directory '/home/ethan/opencv_build/build/CMakeFiles/CMakeTmp'
Building C object CMakeFiles/cmTC_b1a86.dir/CheckFunctionExists.c.o
/usr/bin/cc   -fsigned-char -W -Wall -Wreturn-type -Waddress -Wsequence-point -Wformat -Wformat-security -Wmissing-declarations -Wmissing-prototypes -Wstrict-prototypes -Wundef -Winit-self -Wpointer-arith -Wshadow -Wuninitialized -Wno-comment -Wimplicit-fallthrough=3 -Wno-strict-overflow -fdiagnostics-show-option -pthread -fomit-frame-pointer -ffunction-sections -fdata-sections  -fvisibility=hidden -DCHECK_FUNCTION_EXISTS=sgemm_ -O3 -DNDEBUG  -DNDEBUG -fPIE -o CMakeFiles/cmTC_b1a86.dir/CheckFunctionExists.c.o -c /usr/share/cmake-3.22/Modules/CheckFunctionExists.c
Linking C executable cmTC_b1a86
/usr/bin/cmake -E cmake_link_script CMakeFiles/cmTC_b1a86.dir/link.txt --verbose=1
/usr/bin/cc    -fsigned-char -W -Wall -Wreturn-type -Waddress -Wsequence-point -Wformat -Wformat-security -Wmissing-declarations -Wmissing-prototypes -Wstrict-prototypes -Wundef -Winit-self -Wpointer-arith -Wshadow -Wuninitialized -Wno-comment -Wimplicit-fallthrough=3 -Wno-strict-overflow -fdiagnostics-show-option -pthread -fomit-frame-pointer -ffunction-sections -fdata-sections  -fvisibility=hidden -DCHECK_FUNCTION_EXISTS=sgemm_ -O3 -DNDEBUG  -DNDEBUG   -Wl,--gc-sections -Wl,--as-needed -Wl,--no-undefined  CMakeFiles/cmTC_b1a86.dir/CheckFunctionExists.c.o -o cmTC_b1a86 
/usr/bin/ld: CMakeFiles/cmTC_b1a86.dir/CheckFunctionExists.c.o: in function `main':
CheckFunctionExists.c:(.text.startup.main+0x10): undefined reference to `sgemm_'
collect2: error: ld returned 1 exit status
gmake[1]: *** [CMakeFiles/cmTC_b1a86.dir/build.make:99: cmTC_b1a86] Error 1
gmake[1]: Leaving directory '/home/ethan/opencv_build/build/CMakeFiles/CMakeTmp'
gmake: *** [Makefile:127: cmTC_b1a86/fast] Error 2



Build output check failed:
    Regex: 'unrecognized .*option'
    Output line: 'cc1plus: note: unrecognized command-line option ‘-Wno-tautological-undefined-compare’ may have been intended to silence earlier diagnostics'
Compilation failed:
    source file: '/home/ethan/opencv_build/build/CMakeFiles/CMakeTmp/src.cxx'
    check option: ' -Wno-tautological-undefined-compare'
===== BUILD LOG =====
Change Dir: /home/ethan/opencv_build/build/CMakeFiles/CMakeTmp

Run Build Command(s):/usr/bin/gmake -f Makefile cmTC_46ad0/fast && /usr/bin/gmake  -f CMakeFiles/cmTC_46ad0.dir/build.make CMakeFiles/cmTC_46ad0.dir/build
gmake[1]: Entering directory '/home/ethan/opencv_build/build/CMakeFiles/CMakeTmp'
Building CXX object CMakeFiles/cmTC_46ad0.dir/src.cxx.o
/usr/bin/c++   -fsigned-char -W -Wall -Wreturn-type -Wnon-virtual-dtor -Waddress -Wsequence-point -Wformat -Wformat-security -Winit-self -Wpointer-arith -Wuninitialized -Wsuggest-override -Wno-delete-non-virtual-dtor -Wno-comment -Wimplicit-fallthrough=3 -Wno-strict-overflow -fdiagnostics-show-option -pthread -fomit-frame-pointer -ffunction-sections -fdata-sections  -fvisibility=hidden -fvisibility-inlines-hidden -Wno-deprecated -Wno-missing-declarations -Wno-shadow -Wno-unused-parameter -Wno-unused-local-typedefs -Wno-sign-compare -Wno-sign-promo -Wno-undef  -O3 -DNDEBUG  -DNDEBUG -fPIE    -Wno-tautological-undefined-compare -std=c++11 -o CMakeFiles/cmTC_46ad0.dir/src.cxx.o -c /home/ethan/opencv_build/build/CMakeFiles/CMakeTmp/src.cxx
/home/ethan/opencv_build/build/CMakeFiles/CMakeTmp/src.cxx:1: warning: ignoring ‘#pragma  ’ [-Wunknown-pragmas]
    1 | #pragma
      | 
cc1plus: note: unrecognized command-line option ‘-Wno-tautological-undefined-compare’ may have been intended to silence earlier diagnostics
Linking CXX executable cmTC_46ad0
/usr/bin/cmake -E cmake_link_script CMakeFiles/cmTC_46ad0.dir/link.txt --verbose=1
/usr/bin/c++    -fsigned-char -W -Wall -Wreturn-type -Wnon-virtual-dtor -Waddress -Wsequence-point -Wformat -Wformat-security -Winit-self -Wpointer-arith -Wuninitialized -Wsuggest-override -Wno-delete-non-virtual-dtor -Wno-comment -Wimplicit-fallthrough=3 -Wno-strict-overflow -fdiagnostics-show-option -pthread -fomit-frame-pointer -ffunction-sections -fdata-sections  -fvisibility=hidden -fvisibility-inlines-hidden -Wno-deprecated -Wno-missing-declarations -Wno-shadow -Wno-unused-parameter -Wno-unused-local-typedefs -Wno-sign-compare -Wno-sign-promo -Wno-undef  -O3 -DNDEBUG  -DNDEBUG   -Wl,--gc-sections -Wl,--as-needed -Wl,--no-undefined  CMakeFiles/cmTC_46ad0.dir/src.cxx.o -o cmTC_46ad0 
gmake[1]: Leaving directory '/home/ethan/opencv_build/build/CMakeFiles/CMakeTmp'


===== END =====

Build output check failed:
    Regex: 'unrecognized .*option'
    Output line: 'cc1plus: note: unrecognized command-line option ‘-Wno-shorten-64-to-32’ may have been intended to silence earlier diagnostics'
Compilation failed:
    source file: '/home/ethan/opencv_build/build/CMakeFiles/CMakeTmp/src.cxx'
    check option: ' -Wno-shorten-64-to-32'
===== BUILD LOG =====
Change Dir: /home/ethan/opencv_build/build/CMakeFiles/CMakeTmp

Run Build Command(s):/usr/bin/gmake -f Makefile cmTC_3e5fb/fast && /usr/bin/gmake  -f CMakeFiles/cmTC_3e5fb.dir/build.make CMakeFiles/cmTC_3e5fb.dir/build
gmake[1]: Entering directory '/home/ethan/opencv_build/build/CMakeFiles/CMakeTmp'
Building CXX object CMakeFiles/cmTC_3e5fb.dir/src.cxx.o
/usr/bin/c++   -fsigned-char -W -Wall -Wreturn-type -Wnon-virtual-dtor -Waddress -Wsequence-point -Wformat -Wformat-security -Winit-self -Wpointer-arith -Wuninitialized -Wsuggest-override -Wno-delete-non-virtual-dtor -Wno-comment -Wimplicit-fallthrough=3 -Wno-strict-overflow -fdiagnostics-show-option -pthread -fomit-frame-pointer -ffunction-sections -fdata-sections  -fvisibility=hidden -fvisibility-inlines-hidden -Wno-deprecated -Wno-missing-declarations -Wno-shadow -Wno-unused-parameter -Wno-unused-local-typedefs -Wno-sign-compare -Wno-sign-promo -Wno-undef -Wno-ignored-qualifiers -Wno-extra -Wno-unused-function -Wno-unused-const-variable  -O3 -DNDEBUG  -DNDEBUG -fPIE    -Wno-shorten-64-to-32 -std=c++11 -o CMakeFiles/cmTC_3e5fb.dir/src.cxx.o -c /home/ethan/opencv_build/build/CMakeFiles/CMakeTmp/src.cxx
/home/ethan/opencv_build/build/CMakeFiles/CMakeTmp/src.cxx:1: warning: ignoring ‘#pragma  ’ [-Wunknown-pragmas]
    1 | #pragma
      | 
cc1plus: note: unrecognized command-line option ‘-Wno-shorten-64-to-32’ may have been intended to silence earlier diagnostics
Linking CXX executable cmTC_3e5fb
/usr/bin/cmake -E cmake_link_script CMakeFiles/cmTC_3e5fb.dir/link.txt --verbose=1
/usr/bin/c++    -fsigned-char -W -Wall -Wreturn-type -Wnon-virtual-dtor -Waddress -Wsequence-point -Wformat -Wformat-security -Winit-self -Wpointer-arith -Wuninitialized -Wsuggest-override -Wno-delete-non-virtual-dtor -Wno-comment -Wimplicit-fallthrough=3 -Wno-strict-overflow -fdiagnostics-show-option -pthread -fomit-frame-pointer -ffunction-sections -fdata-sections  -fvisibility=hidden -fvisibility-inlines-hidden -Wno-deprecated -Wno-missing-declarations -Wno-shadow -Wno-unused-parameter -Wno-unused-local-typedefs -Wno-sign-compare -Wno-sign-promo -Wno-undef -Wno-ignored-qualifiers -Wno-extra -Wno-unused-function -Wno-unused-const-variable  -O3 -DNDEBUG  -DNDEBUG   -Wl,--gc-sections -Wl,--as-needed -Wl,--no-undefined  CMakeFiles/cmTC_3e5fb.dir/src.cxx.o -o cmTC_3e5fb 
gmake[1]: Leaving directory '/home/ethan/opencv_build/build/CMakeFiles/CMakeTmp'


===== END =====

Build output check failed:
    Regex: 'unrecognized .*option'
    Output line: 'cc1plus: note: unrecognized command-line option ‘-Wno-enum-compare-switch’ may have been intended to silence earlier diagnostics'
Compilation failed:
    source file: '/home/ethan/opencv_build/build/CMakeFiles/CMakeTmp/src.cxx'
    check option: ' -Wno-enum-compare-switch'
===== BUILD LOG =====
Change Dir: /home/ethan/opencv_build/build/CMakeFiles/CMakeTmp

Run Build Command(s):/usr/bin/gmake -f Makefile cmTC_5b8e8/fast && /usr/bin/gmake  -f CMakeFiles/cmTC_5b8e8.dir/build.make CMakeFiles/cmTC_5b8e8.dir/build
gmake[1]: Entering directory '/home/ethan/opencv_build/build/CMakeFiles/CMakeTmp'
Building CXX object CMakeFiles/cmTC_5b8e8.dir/src.cxx.o
/usr/bin/c++   -fsigned-char -W -Wall -Wreturn-type -Wnon-virtual-dtor -Waddress -Wsequence-point -Wformat -Wformat-security -Winit-self -Wpointer-arith -Wuninitialized -Wsuggest-override -Wno-delete-non-virtual-dtor -Wno-comment -Wimplicit-fallthrough=3 -Wno-strict-overflow -fdiagnostics-show-option -pthread -fomit-frame-pointer -ffunction-sections -fdata-sections  -fvisibility=hidden -fvisibility-inlines-hidden -Wno-deprecated -Wno-missing-declarations -Wno-shadow -Wno-unused-parameter -Wno-unused-local-typedefs -Wno-sign-compare -Wno-sign-promo -Wno-undef -Wno-ignored-qualifiers -Wno-extra -Wno-unused-function -Wno-unused-const-variable -Wno-invalid-offsetof  -O3 -DNDEBUG  -DNDEBUG -fPIE    -Wno-enum-compare-switch -std=c++11 -o CMakeFiles/cmTC_5b8e8.dir/src.cxx.o -c /home/ethan/opencv_build/build/CMakeFiles/CMakeTmp/src.cxx
/home/ethan/opencv_build/build/CMakeFiles/CMakeTmp/src.cxx:1: warning: ignoring ‘#pragma  ’ [-Wunknown-pragmas]
    1 | #pragma
      | 
cc1plus: note: unrecognized command-line option ‘-Wno-enum-compare-switch’ may have been intended to silence earlier diagnostics
Linking CXX executable cmTC_5b8e8
/usr/bin/cmake -E cmake_link_script CMakeFiles/cmTC_5b8e8.dir/link.txt --verbose=1
/usr/bin/c++    -fsigned-char -W -Wall -Wreturn-type -Wnon-virtual-dtor -Waddress -Wsequence-point -Wformat -Wformat-security -Winit-self -Wpointer-arith -Wuninitialized -Wsuggest-override -Wno-delete-non-virtual-dtor -Wno-comment -Wimplicit-fallthrough=3 -Wno-strict-overflow -fdiagnostics-show-option -pthread -fomit-frame-pointer -ffunction-sections -fdata-sections  -fvisibility=hidden -fvisibility-inlines-hidden -Wno-deprecated -Wno-missing-declarations -Wno-shadow -Wno-unused-parameter -Wno-unused-local-typedefs -Wno-sign-compare -Wno-sign-promo -Wno-undef -Wno-ignored-qualifiers -Wno-extra -Wno-unused-function -Wno-unused-const-variable -Wno-invalid-offsetof  -O3 -DNDEBUG  -DNDEBUG   -Wl,--gc-sections -Wl,--as-needed -Wl,--no-undefined  CMakeFiles/cmTC_5b8e8.dir/src.cxx.o -o cmTC_5b8e8 
gmake[1]: Leaving directory '/home/ethan/opencv_build/build/CMakeFiles/CMakeTmp'


===== END =====

Build output check failed:
    Regex: 'unrecognized .*option'
    Output line: 'cc1plus: note: unrecognized command-line option ‘-Wno-comma’ may have been intended to silence earlier diagnostics'
Compilation failed:
    source file: '/home/ethan/opencv_build/build/CMakeFiles/CMakeTmp/src.cxx'
    check option: ' -Wno-comma'
===== BUILD LOG =====
Change Dir: /home/ethan/opencv_build/build/CMakeFiles/CMakeTmp

Run Build Command(s):/usr/bin/gmake -f Makefile cmTC_bfd22/fast && /usr/bin/gmake  -f CMakeFiles/cmTC_bfd22.dir/build.make CMakeFiles/cmTC_bfd22.dir/build
gmake[1]: Entering directory '/home/ethan/opencv_build/build/CMakeFiles/CMakeTmp'
Building CXX object CMakeFiles/cmTC_bfd22.dir/src.cxx.o
/usr/bin/c++   -fsigned-char -W -Wall -Wreturn-type -Wnon-virtual-dtor -Waddress -Wsequence-point -Wformat -Wformat-security -Winit-self -Wpointer-arith -Wuninitialized -Wno-delete-non-virtual-dtor -Wno-comment -Wno-strict-overflow -fdiagnostics-show-option -pthread -fomit-frame-pointer -ffunction-sections -fdata-sections  -fvisibility=hidden -fvisibility-inlines-hidden -Wno-deprecated -Wno-missing-declarations -Wno-shadow -Wno-unused-parameter -Wno-unused-local-typedefs -Wno-sign-compare -Wno-sign-promo -Wno-undef -Wno-ignored-qualifiers -Wno-extra -Wno-unused-function -Wno-unused-const-variable -Wno-invalid-offsetof -Wno-suggest-override -Wno-implicit-fallthrough -Wno-array-bounds -Wno-stringop-overflow -Wno-stringop-overread -Wno-extra-semi  -O3 -DNDEBUG  -DNDEBUG -fPIE    -Wno-comma -std=c++11 -o CMakeFiles/cmTC_bfd22.dir/src.cxx.o -c /home/ethan/opencv_build/build/CMakeFiles/CMakeTmp/src.cxx
/home/ethan/opencv_build/build/CMakeFiles/CMakeTmp/src.cxx:1: warning: ignoring ‘#pragma  ’ [-Wunknown-pragmas]
    1 | #pragma
      | 
cc1plus: note: unrecognized command-line option ‘-Wno-comma’ may have been intended to silence earlier diagnostics
Linking CXX executable cmTC_bfd22
/usr/bin/cmake -E cmake_link_script CMakeFiles/cmTC_bfd22.dir/link.txt --verbose=1
/usr/bin/c++    -fsigned-char -W -Wall -Wreturn-type -Wnon-virtual-dtor -Waddress -Wsequence-point -Wformat -Wformat-security -Winit-self -Wpointer-arith -Wuninitialized -Wno-delete-non-virtual-dtor -Wno-comment -Wno-strict-overflow -fdiagnostics-show-option -pthread -fomit-frame-pointer -ffunction-sections -fdata-sections  -fvisibility=hidden -fvisibility-inlines-hidden -Wno-deprecated -Wno-missing-declarations -Wno-shadow -Wno-unused-parameter -Wno-unused-local-typedefs -Wno-sign-compare -Wno-sign-promo -Wno-undef -Wno-ignored-qualifiers -Wno-extra -Wno-unused-function -Wno-unused-const-variable -Wno-invalid-offsetof -Wno-suggest-override -Wno-implicit-fallthrough -Wno-array-bounds -Wno-stringop-overflow -Wno-stringop-overread -Wno-extra-semi  -O3 -DNDEBUG  -DNDEBUG   -Wl,--gc-sections -Wl,--as-needed -Wl,--no-undefined  CMakeFiles/cmTC_bfd22.dir/src.cxx.o -o cmTC_bfd22 
gmake[1]: Leaving directory '/home/ethan/opencv_build/build/CMakeFiles/CMakeTmp'


===== END =====

Determining if the include file sys/videoio.h exists failed with the following output:
Change Dir: /home/ethan/opencv_build/build/CMakeFiles/CMakeTmp

Run Build Command(s):/usr/bin/gmake -f Makefile cmTC_fe9d2/fast && /usr/bin/gmake  -f CMakeFiles/cmTC_fe9d2.dir/build.make CMakeFiles/cmTC_fe9d2.dir/build
gmake[1]: Entering directory '/home/ethan/opencv_build/build/CMakeFiles/CMakeTmp'
Building C object CMakeFiles/cmTC_fe9d2.dir/CheckIncludeFile.c.o
/usr/bin/cc   -fsigned-char -W -Wall -Wreturn-type -Waddress -Wsequence-point -Wformat -Wformat-security -Wmissing-declarations -Wmissing-prototypes -Wstrict-prototypes -Wundef -Winit-self -Wpointer-arith -Wshadow -Wuninitialized -Wno-comment -Wimplicit-fallthrough=3 -Wno-strict-overflow -fdiagnostics-show-option -pthread -fomit-frame-pointer -ffunction-sections -fdata-sections  -fvisibility=hidden  -O3 -DNDEBUG  -DNDEBUG -fPIE -o CMakeFiles/cmTC_fe9d2.dir/CheckIncludeFile.c.o -c /home/ethan/opencv_build/build/CMakeFiles/CMakeTmp/CheckIncludeFile.c
/home/ethan/opencv_build/build/CMakeFiles/CMakeTmp/CheckIncludeFile.c:1:10: fatal error: sys/videoio.h: No such file or directory
    1 | #include <sys/videoio.h>
      |          ^~~~~~~~~~~~~~~
compilation terminated.
gmake[1]: *** [CMakeFiles/cmTC_fe9d2.dir/build.make:78: CMakeFiles/cmTC_fe9d2.dir/CheckIncludeFile.c.o] Error 1
gmake[1]: Leaving directory '/home/ethan/opencv_build/build/CMakeFiles/CMakeTmp'
gmake: *** [Makefile:127: cmTC_fe9d2/fast] Error 2



Build output check failed:
    Regex: 'unrecognized .*option'
    Output line: 'cc1plus: note: unrecognized command-line option ‘-Wno-unused-private-field’ may have been intended to silence earlier diagnostics'
Compilation failed:
    source file: '/home/ethan/opencv_build/build/CMakeFiles/CMakeTmp/src.cxx'
    check option: ' -Wno-unused-private-field'
===== BUILD LOG =====
Change Dir: /home/ethan/opencv_build/build/CMakeFiles/CMakeTmp

Run Build Command(s):/usr/bin/gmake -f Makefile cmTC_cd70a/fast && /usr/bin/gmake  -f CMakeFiles/cmTC_cd70a.dir/build.make CMakeFiles/cmTC_cd70a.dir/build
gmake[1]: Entering directory '/home/ethan/opencv_build/build/CMakeFiles/CMakeTmp'
Building CXX object CMakeFiles/cmTC_cd70a.dir/src.cxx.o
/usr/bin/c++   -fsigned-char -W -Wall -Wreturn-type -Wnon-virtual-dtor -Waddress -Wsequence-point -Wformat -Wformat-security -Wmissing-declarations -Wundef -Winit-self -Wpointer-arith -Wshadow -Wsign-promo -Wuninitialized -Wsuggest-override -Wno-delete-non-virtual-dtor -Wno-comment -Wimplicit-fallthrough=3 -Wno-strict-overflow -fdiagnostics-show-option -pthread -fomit-frame-pointer -ffunction-sections -fdata-sections  -fvisibility=hidden -fvisibility-inlines-hidden -Wno-unused-function -Wno-deprecated-declarations -Wno-overloaded-virtual  -O3 -DNDEBUG  -DNDEBUG -fPIE    -Wno-unused-private-field -std=c++11 -o CMakeFiles/cmTC_cd70a.dir/src.cxx.o -c /home/ethan/opencv_build/build/CMakeFiles/CMakeTmp/src.cxx
/home/ethan/opencv_build/build/CMakeFiles/CMakeTmp/src.cxx:1: warning: ignoring ‘#pragma  ’ [-Wunknown-pragmas]
    1 | #pragma
      | 
cc1plus: note: unrecognized command-line option ‘-Wno-unused-private-field’ may have been intended to silence earlier diagnostics
Linking CXX executable cmTC_cd70a
/usr/bin/cmake -E cmake_link_script CMakeFiles/cmTC_cd70a.dir/link.txt --verbose=1
/usr/bin/c++    -fsigned-char -W -Wall -Wreturn-type -Wnon-virtual-dtor -Waddress -Wsequence-point -Wformat -Wformat-security -Wmissing-declarations -Wundef -Winit-self -Wpointer-arith -Wshadow -Wsign-promo -Wuninitialized -Wsuggest-override -Wno-delete-non-virtual-dtor -Wno-comment -Wimplicit-fallthrough=3 -Wno-strict-overflow -fdiagnostics-show-option -pthread -fomit-frame-pointer -ffunction-sections -fdata-sections  -fvisibility=hidden -fvisibility-inlines-hidden -Wno-unused-function -Wno-deprecated-declarations -Wno-overloaded-virtual  -O3 -DNDEBUG  -DNDEBUG   -Wl,--gc-sections -Wl,--as-needed -Wl,--no-undefined  CMakeFiles/cmTC_cd70a.dir/src.cxx.o -o cmTC_cd70a 
gmake[1]: Leaving directory '/home/ethan/opencv_build/build/CMakeFiles/CMakeTmp'


===== END =====

